0 info it worked if it ends with ok
1 verbose cli [ '/usr/local/bin/node',
1 verbose cli   '/usr/local/bin/npm',
1 verbose cli   'install',
1 verbose cli   '-g',
1 verbose cli   'ios-sim' ]
2 info using npm@2.14.4
3 info using node@v4.1.1
4 verbose install initial load of /usr/local/lib/package.json
5 verbose readDependencies loading dependencies from /usr/local/lib/package.json
6 silly cache add args [ 'ios-sim', null ]
7 verbose cache add spec ios-sim
8 silly cache add parsed spec Result {
8 silly cache add   raw: 'ios-sim',
8 silly cache add   scope: null,
8 silly cache add   name: 'ios-sim',
8 silly cache add   rawSpec: '',
8 silly cache add   spec: '*',
8 silly cache add   type: 'range' }
9 silly addNamed ios-sim@*
10 verbose addNamed "*" is a valid semver range for ios-sim
11 silly addNameRange { name: 'ios-sim', range: '*', hasData: false }
12 silly mapToRegistry name ios-sim
13 silly mapToRegistry using default registry
14 silly mapToRegistry registry https://registry.npmjs.org/
15 silly mapToRegistry uri https://registry.npmjs.org/ios-sim
16 verbose addNameRange registry:https://registry.npmjs.org/ios-sim not in flight; fetching
17 verbose request uri https://registry.npmjs.org/ios-sim
18 verbose request no auth needed
19 info attempt registry request try #1 at 9:21:02 AM
20 verbose request id a778380dab458182
21 verbose etag "7ZTP8VD0J74VLPPFIQ85YXZ21"
22 http request GET https://registry.npmjs.org/ios-sim
23 http 304 https://registry.npmjs.org/ios-sim
24 silly get cb [ 304,
24 silly get   { date: 'Mon, 18 Jan 2016 15:21:02 GMT',
24 silly get     via: '1.1 varnish',
24 silly get     'cache-control': 'max-age=300',
24 silly get     etag: '"7ZTP8VD0J74VLPPFIQ85YXZ21"',
24 silly get     age: '44',
24 silly get     connection: 'keep-alive',
24 silly get     'x-served-by': 'cache-ord1727-ORD',
24 silly get     'x-cache': 'HIT',
24 silly get     'x-cache-hits': '1',
24 silly get     'x-timer': 'S1453130462.695724,VS0,VE0',
24 silly get     vary: 'Accept' } ]
25 verbose etag https://registry.npmjs.org/ios-sim from cache
26 verbose get saving ios-sim to /Users/Sistemas/.npm/registry.npmjs.org/ios-sim/.cache.json
27 silly addNameRange number 2 { name: 'ios-sim', range: '*', hasData: true }
28 silly addNameRange versions [ 'ios-sim',
28 silly addNameRange   [ '1.8.0',
28 silly addNameRange     '1.8.1',
28 silly addNameRange     '1.8.2',
28 silly addNameRange     '1.9.0',
28 silly addNameRange     '2.0.0',
28 silly addNameRange     '2.0.1',
28 silly addNameRange     '3.0.0',
28 silly addNameRange     '3.1.0',
28 silly addNameRange     '3.1.1',
28 silly addNameRange     '4.1.0',
28 silly addNameRange     '4.1.1',
28 silly addNameRange     '3.2.0',
28 silly addNameRange     '5.0.0',
28 silly addNameRange     '5.0.1',
28 silly addNameRange     '5.0.2',
28 silly addNameRange     '5.0.3',
28 silly addNameRange     '5.0.4',
28 silly addNameRange     '5.0.5',
28 silly addNameRange     '5.0.6' ] ]
29 silly addNamed ios-sim@5.0.6
30 verbose addNamed "5.0.6" is a plain semver version for ios-sim
31 silly cache afterAdd ios-sim@5.0.6
32 verbose afterAdd /Users/Sistemas/.npm/ios-sim/5.0.6/package/package.json not in flight; writing
33 verbose afterAdd /Users/Sistemas/.npm/ios-sim/5.0.6/package/package.json written
34 silly install resolved [ { name: 'ios-sim',
34 silly install resolved     version: '5.0.6',
34 silly install resolved     preferGlobal: 'true',
34 silly install resolved     description: 'launch iOS apps into the iOS Simulator from the command line (Xcode 6.0+)',
34 silly install resolved     main: 'ios-sim.js',
34 silly install resolved     repository:
34 silly install resolved      { type: 'git',
34 silly install resolved        url: 'git+https://github.com/phonegap/ios-sim.git' },
34 silly install resolved     engines: { node: '>=0.10.0' },
34 silly install resolved     keywords: [ 'ios-sim', 'iOS Simulator' ],
34 silly install resolved     bin: { 'ios-sim': './bin/ios-sim' },
34 silly install resolved     bugs: { url: 'https://github.com/phonegap/ios-sim/issues' },
34 silly install resolved     author: { name: 'Shazron Abdullah' },
34 silly install resolved     license: 'MIT',
34 silly install resolved     dependencies: { simctl: '^0.0.8', nopt: '1.0.9', 'bplist-parser': '^0.0.6' },
34 silly install resolved     gitHead: '5ae111d494f547c301b00e068cbd8aef46cf3988',
34 silly install resolved     homepage: 'https://github.com/phonegap/ios-sim#readme',
34 silly install resolved     _id: 'ios-sim@5.0.6',
34 silly install resolved     scripts: {},
34 silly install resolved     _shasum: '15c8e34aa9ed79df9edea26260efbba803fae7c6',
34 silly install resolved     _from: 'ios-sim@*',
34 silly install resolved     _npmVersion: '2.11.3',
34 silly install resolved     _nodeVersion: '0.12.7',
34 silly install resolved     _npmUser: { name: 'shazron', email: 'shazron@gmail.com' },
34 silly install resolved     dist:
34 silly install resolved      { shasum: '15c8e34aa9ed79df9edea26260efbba803fae7c6',
34 silly install resolved        tarball: 'http://registry.npmjs.org/ios-sim/-/ios-sim-5.0.6.tgz' },
34 silly install resolved     maintainers: [ [Object], [Object], [Object], [Object] ],
34 silly install resolved     directories: {},
34 silly install resolved     _resolved: 'https://registry.npmjs.org/ios-sim/-/ios-sim-5.0.6.tgz',
34 silly install resolved     readme: 'ERROR: No README data found!' } ]
35 info install ios-sim@5.0.6 into /usr/local/lib
36 info installOne ios-sim@5.0.6
37 verbose installOne of ios-sim to /usr/local/lib not in flight; installing
38 verbose lock using /Users/Sistemas/.npm/_locks/ios-sim-3bb56db538048d2f.lock for /usr/local/lib/node_modules/ios-sim
39 silly install write writing ios-sim 5.0.6 to /usr/local/lib/node_modules/ios-sim
40 verbose unbuild lib/node_modules/ios-sim
41 info preuninstall ios-sim@5.0.6
42 info uninstall ios-sim@5.0.6
43 verbose unbuild rmStuff ios-sim@5.0.6 from /usr/local/lib/node_modules
44 silly gentlyRm /usr/local/bin/ios-sim is being gently removed
45 silly gentlyRm verifying /usr/local is an npm working directory
46 silly gentlyRm containing path /usr/local is under npm's control, in /usr/local
47 silly gentlyRm deletion target /usr/local/bin/ios-sim is under /usr/local
48 verbose gentlyRm vacuuming from /usr/local/bin/ios-sim up to /usr/local
49 silly vacuum-fs removing /usr/local/bin/ios-sim
50 verbose unlock done using /Users/Sistemas/.npm/_locks/ios-sim-3bb56db538048d2f.lock for /usr/local/lib/node_modules/ios-sim
51 verbose stack Error: EACCES: permission denied, unlink '/usr/local/bin/ios-sim'
51 verbose stack     at Error (native)
52 verbose cwd /Users/Sistemas/Desktop/virtual_guardian
53 error Darwin 15.2.0
54 error argv "/usr/local/bin/node" "/usr/local/bin/npm" "install" "-g" "ios-sim"
55 error node v4.1.1
56 error npm  v2.14.4
57 error path /usr/local/bin/ios-sim
58 error code EACCES
59 error errno -13
60 error syscall unlink
61 error Error: EACCES: permission denied, unlink '/usr/local/bin/ios-sim'
61 error     at Error (native)
61 error  { [Error: EACCES: permission denied, unlink '/usr/local/bin/ios-sim']
61 error   errno: -13,
61 error   code: 'EACCES',
61 error   syscall: 'unlink',
61 error   path: '/usr/local/bin/ios-sim' }
62 error Please try running this command again as root/Administrator.
63 verbose exit [ -13, true ]
64 verbose unbuild lib/node_modules/ios-sim
65 info preuninstall ios-sim@5.0.6
66 info uninstall ios-sim@5.0.6
67 verbose unbuild rmStuff ios-sim@5.0.6 from /usr/local/lib/node_modules
68 silly gentlyRm /usr/local/bin/ios-sim is being gently removed
69 silly gentlyRm verifying /usr/local is an npm working directory
70 silly gentlyRm containing path /usr/local is under npm's control, in /usr/local
71 silly gentlyRm deletion target /usr/local/bin/ios-sim is under /usr/local
72 verbose gentlyRm vacuuming from /usr/local/bin/ios-sim up to /usr/local
73 silly vacuum-fs removing /usr/local/bin/ios-sim
74 error error rolling back Error: EACCES: permission denied, unlink '/usr/local/bin/ios-sim'
74 error error rolling back     at Error (native)
74 error error rolling back  { [Error: EACCES: permission denied, unlink '/usr/local/bin/ios-sim']
74 error error rolling back   errno: -13,
74 error error rolling back   code: 'EACCES',
74 error error rolling back   syscall: 'unlink',
74 error error rolling back   path: '/usr/local/bin/ios-sim' }
